This is pdfTeX, Version 3.1415926-2.5-1.40.14 (TeX Live 2013) (format=pdflatex 2017.4.10)  5 JUL 2017 14:02
entering extended mode
 restricted \write18 enabled.
 %&-line parsing enabled.
**biana_reference_manual_v1.4.tex
(./biana_reference_manual_v1.4.tex
LaTeX2e <2011/06/27>
Babel <v3.8m> and hyphenation patterns for english, dumylang, nohyphenation, lo
aded.
(/usr/share/texlive/texmf-dist/tex/latex/base/book.cls
Document Class: book 2007/10/19 v1.4h Standard LaTeX document class
(/usr/share/texlive/texmf-dist/tex/latex/base/bk11.clo
File: bk11.clo 2007/10/19 v1.4h Standard LaTeX file (size option)
)
\c@part=\count79
\c@chapter=\count80
\c@section=\count81
\c@subsection=\count82
\c@subsubsection=\count83
\c@paragraph=\count84
\c@subparagraph=\count85
\c@figure=\count86
\c@table=\count87
\abovecaptionskip=\skip41
\belowcaptionskip=\skip42
\bibindent=\dimen102
)
(/usr/share/texlive/texmf-dist/tex/latex/fancyhdr/fancyhdr.sty
\fancy@headwidth=\skip43
\f@ncyO@elh=\skip44
\f@ncyO@erh=\skip45
\f@ncyO@olh=\skip46
\f@ncyO@orh=\skip47
\f@ncyO@elf=\skip48
\f@ncyO@erf=\skip49
\f@ncyO@olf=\skip50
\f@ncyO@orf=\skip51
)
(/usr/share/texlive/texmf-dist/tex/latex/tools/verbatim.sty
Package: verbatim 2003/08/22 v1.5q LaTeX2e package for verbatim enhancements
\every@verbatim=\toks14
\verbatim@line=\toks15
\verbatim@in@stream=\read1
)
(/usr/share/texlive/texmf-dist/tex/latex/fancyvrb/fancyvrb.sty
Package: fancyvrb 2008/02/07

Style option: `fancyvrb' v2.7a, with DG/SPQR fixes, and firstline=lastline fix 
<2008/02/07> (tvz) (/usr/share/texlive/texmf-dist/tex/latex/graphics/keyval.sty
Package: keyval 1999/03/16 v1.13 key=value parser (DPC)
\KV@toks@=\toks16
)
\FV@CodeLineNo=\count88
\FV@InFile=\read2
\FV@TabBox=\box26
\c@FancyVerbLine=\count89
\FV@StepNumber=\count90
\FV@OutFile=\write3
) (/usr/share/texlive/texmf-dist/tex/latex/graphics/graphicx.sty
Package: graphicx 1999/02/16 v1.0f Enhanced LaTeX Graphics (DPC,SPQR)

(/usr/share/texlive/texmf-dist/tex/latex/graphics/graphics.sty
Package: graphics 2009/02/05 v1.0o Standard LaTeX Graphics (DPC,SPQR)

(/usr/share/texlive/texmf-dist/tex/latex/graphics/trig.sty
Package: trig 1999/03/16 v1.09 sin cos tan (DPC)
)
(/usr/share/texlive/texmf-dist/tex/latex/latexconfig/graphics.cfg
File: graphics.cfg 2010/04/23 v1.9 graphics configuration of TeX Live
)
Package graphics Info: Driver file: pdftex.def on input line 91.

(/usr/share/texlive/texmf-dist/tex/latex/pdftex-def/pdftex.def
File: pdftex.def 2011/05/27 v0.06d Graphics/color for pdfTeX

(/usr/share/texlive/texmf-dist/tex/generic/oberdiek/infwarerr.sty
Package: infwarerr 2010/04/08 v1.3 Providing info/warning/error messages (HO)
)
(/usr/share/texlive/texmf-dist/tex/generic/oberdiek/ltxcmds.sty
Package: ltxcmds 2011/11/09 v1.22 LaTeX kernel commands for general use (HO)
)
\Gread@gobject=\count91
))
\Gin@req@height=\dimen103
\Gin@req@width=\dimen104
)
(/usr/share/texlive/texmf-dist/tex/latex/graphics/color.sty
Package: color 2005/11/14 v1.0j Standard LaTeX Color (DPC)

(/usr/share/texlive/texmf-dist/tex/latex/latexconfig/color.cfg
File: color.cfg 2007/01/18 v1.5 color configuration of teTeX/TeXLive
)
Package color Info: Driver file: pdftex.def on input line 130.
)

Package Fancyhdr Warning: \fancyhead's `E' option without twoside option is use
less on input line 66.


Package Fancyhdr Warning: \fancyhead's `E' option without twoside option is use
less on input line 67.

(./biana_reference_manual_v1.4.aux)
\openout1 = `biana_reference_manual_v1.4.aux'.

LaTeX Font Info:    Checking defaults for OML/cmm/m/it on input line 69.
LaTeX Font Info:    ... okay on input line 69.
LaTeX Font Info:    Checking defaults for T1/cmr/m/n on input line 69.
LaTeX Font Info:    ... okay on input line 69.
LaTeX Font Info:    Checking defaults for OT1/cmr/m/n on input line 69.
LaTeX Font Info:    ... okay on input line 69.
LaTeX Font Info:    Checking defaults for OMS/cmsy/m/n on input line 69.
LaTeX Font Info:    ... okay on input line 69.
LaTeX Font Info:    Checking defaults for OMX/cmex/m/n on input line 69.
LaTeX Font Info:    ... okay on input line 69.
LaTeX Font Info:    Checking defaults for U/cmr/m/n on input line 69.
LaTeX Font Info:    ... okay on input line 69.

(/usr/share/texlive/texmf-dist/tex/context/base/supp-pdf.mkii
[Loading MPS to PDF converter (version 2006.09.02).]
\scratchcounter=\count92
\scratchdimen=\dimen105
\scratchbox=\box27
\nofMPsegments=\count93
\nofMParguments=\count94
\everyMPshowfont=\toks17
\MPscratchCnt=\count95
\MPscratchDim=\dimen106
\MPnumerator=\count96
\makeMPintoPDFobject=\count97
\everyMPtoPDFconversion=\toks18
) (/usr/share/texlive/texmf-dist/tex/generic/oberdiek/pdftexcmds.sty
Package: pdftexcmds 2011/11/29 v0.20 Utility functions of pdfTeX for LuaTeX (HO
)

(/usr/share/texlive/texmf-dist/tex/generic/oberdiek/ifluatex.sty
Package: ifluatex 2010/03/01 v1.3 Provides the ifluatex switch (HO)
Package ifluatex Info: LuaTeX not detected.
)
(/usr/share/texlive/texmf-dist/tex/generic/oberdiek/ifpdf.sty
Package: ifpdf 2011/01/30 v2.3 Provides the ifpdf switch (HO)
Package ifpdf Info: pdfTeX in PDF mode is detected.
)
Package pdftexcmds Info: LuaTeX not detected.
Package pdftexcmds Info: \pdf@primitive is available.
Package pdftexcmds Info: \pdf@ifprimitive is available.
Package pdftexcmds Info: \pdfdraftmode found.
)
(/usr/share/texlive/texmf-dist/tex/latex/oberdiek/epstopdf-base.sty
Package: epstopdf-base 2010/02/09 v2.5 Base part for package epstopdf

(/usr/share/texlive/texmf-dist/tex/latex/oberdiek/grfext.sty
Package: grfext 2010/08/19 v1.1 Manage graphics extensions (HO)

(/usr/share/texlive/texmf-dist/tex/generic/oberdiek/kvdefinekeys.sty
Package: kvdefinekeys 2011/04/07 v1.3 Define keys (HO)
))
(/usr/share/texlive/texmf-dist/tex/latex/oberdiek/kvoptions.sty
Package: kvoptions 2011/06/30 v3.11 Key value format for package options (HO)

(/usr/share/texlive/texmf-dist/tex/generic/oberdiek/kvsetkeys.sty
Package: kvsetkeys 2012/04/25 v1.16 Key value parser (HO)

(/usr/share/texlive/texmf-dist/tex/generic/oberdiek/etexcmds.sty
Package: etexcmds 2011/02/16 v1.5 Avoid name clashes with e-TeX commands (HO)
Package etexcmds Info: Could not find \expanded.
(etexcmds)             That can mean that you are not using pdfTeX 1.50 or
(etexcmds)             that some package has redefined \expanded.
(etexcmds)             In the latter case, load this package earlier.
)))
Package grfext Info: Graphics extension search list:
(grfext)             [.png,.pdf,.jpg,.mps,.jpeg,.jbig2,.jb2,.PNG,.PDF,.JPG,.JPE
G,.JBIG2,.JB2,.eps]
(grfext)             \AppendGraphicsExtensions on input line 452.

(/usr/share/texlive/texmf-dist/tex/latex/latexconfig/epstopdf-sys.cfg
File: epstopdf-sys.cfg 2010/07/13 v1.3 Configuration of (r)epstopdf for TeX Liv
e
))
LaTeX Font Info:    External font `cmex10' loaded for size
(Font)              <12> on input line 75.
LaTeX Font Info:    External font `cmex10' loaded for size
(Font)              <8> on input line 75.
LaTeX Font Info:    External font `cmex10' loaded for size
(Font)              <6> on input line 75.

[1


{/usr/share/texlive/texmf/fonts/map/pdftex/updmap/pdftex.map}]
(./biana_reference_manual_v1.4.toc
LaTeX Font Info:    External font `cmex10' loaded for size
(Font)              <10.95> on input line 2.


Package Fancyhdr Warning: \headheight is too small (12.0pt): 
 Make it at least 13.59999pt.
 We now make it that large for the rest of the document.
 This may cause the page layout to be inconsistent, however.

[1

])
\tf@toc=\write4
\openout4 = `biana_reference_manual_v1.4.toc'.

 [2]
Chapter 1.
[3

] [4] <images/data_model_uml_diagram.png, id=25, 771.88374pt x 420.57124pt>
File: images/data_model_uml_diagram.png Graphic file (type png)

<use images/data_model_uml_diagram.png>
Package pdftex.def Info: images/data_model_uml_diagram.png used on input line 1
06.
(pdftex.def)             Requested size: 385.94092pt x 210.28511pt.

Overfull \hbox (25.94092pt too wide) in paragraph at lines 106--107
 [][] 
 []

<images/database_schema_diagram.png, id=27, 574.7874pt x 384.4764pt>
File: images/database_schema_diagram.png Graphic file (type png)

<use images/database_schema_diagram.png>
Package pdftex.def Info: images/database_schema_diagram.png used on input line 
113.
(pdftex.def)             Requested size: 287.39299pt x 192.23772pt.
 [5 <./images/data_model_uml_diagram.png>]
Overfull \hbox (0.22208pt too wide) in paragraph at lines 124--125
[]\OT1/cmr/m/n/10.95 See Fig-ure 1.3[] for a demon-stra-tion of how dif-fer-ent
 uni-fi-ca-tion ap-proaches
 []

<images/unification_figure.png, id=32, 542.025pt x 722.7pt>
File: images/unification_figure.png Graphic file (type png)

<use images/unification_figure.png>
Package pdftex.def Info: images/unification_figure.png used on input line 128.
(pdftex.def)             Requested size: 271.01183pt x 361.3491pt.
 [6 <./images/database_schema_diagram.png>]
[7 <./images/unification_figure.png>]
Chapter 2.
LaTeX Font Info:    Try loading font information for OMS+cmr on input line 138.

(/usr/share/texlive/texmf-dist/tex/latex/base/omscmr.fd
File: omscmr.fd 1999/05/25 v2.5h Standard LaTeX font definitions
)
LaTeX Font Info:    Font shape `OMS/cmr/m/n' in size <10.95> not available
(Font)              Font shape `OMS/cmsy/m/n' tried instead on input line 138.

Overfull \hbox (12.41779pt too wide) in paragraph at lines 140--141
[]\OT1/cmr/m/n/10.95 Cytoscape 2.6 (\OT1/cmr/m/it/10.95 http://www.cytoscape.or
g/\OT1/cmr/m/n/10.95 ) (only re-quired if \OT1/cmr/m/it/10.95 BIANA
 []


Overfull \hbox (93.15411pt too wide) in paragraph at lines 147--148
\OT1/cmr/m/n/10.95 Server, check the fol-low-ing link: http://www.brainfault.co
m/2008/04/18/install-
 []


Overfull \hbox (44.7673pt too wide) in paragraph at lines 187--188
[]\OT1/cmr/m/n/10.95 Add http://sbi.imim.es/data/biana/Biana[]cytoscape[]plugin
.xml). 
 []

[8

]
Overfull \hbox (12.68613pt too wide) in paragraph at lines 189--190
\OT1/cmr/m/n/10.95 For more de-tails, look at at \OT1/cmr/m/it/10.95 http://sbi
.imim.es/web/BIANA.php 
 []


Overfull \hbox (23.4895pt too wide) in paragraph at lines 211--216
\OT1/cmr/m/n/10.95 nent) [][][][][][] 
 []


Overfull \hbox (6.61224pt too wide) in paragraph at lines 218--220
[]\OT1/cmr/m/n/10.95 Checking whether in-stal-la-tion was suc-cess-ful To start
 us-ing \OT1/cmr/m/it/10.95 BIANA
 []


Overfull \hbox (26.1523pt too wide) in paragraph at lines 235--236
[]\OT1/cmr/m/n/10.95 Add http://sbi.imim.es/data/biana/Biana[]cytoscape[]plugin
.xml). 
 []

[9]
Chapter 3.
[10

]
Chapter 4.

Overfull \hbox (1.74568pt too wide) in paragraph at lines 632--633
[]\OT1/cmr/m/n/10.95 In or-der to op-ti-mize data in-ser-tion and data ac-cess,
 \OT1/cmr/m/it/10.95 BIANA Databases\OT1/cmr/m/n/10.95 can
 []

[11

]
Overfull \hbox (3.69316pt too wide) in paragraph at lines 672--673
[]\OT1/cmr/bx/n/10.95 Special re-quire-ments: \OT1/cmr/m/n/10.95 User must have
 database CRE-ATION, LOCK
 []


Underfull \hbox (badness 10000) in paragraph at lines 674--675

 []

[12] [13]
Overfull \hbox (5.91348pt too wide) in paragraph at lines 709--710
[]\OT1/cmr/bx/n/10.95 Special re-quire-ments: \OT1/cmr/m/n/10.95 User must have
 IN-SERT, CRE-ATE, DELETE
 []


Overfull \hbox (81.38092pt too wide) in paragraph at lines 711--712
[][][][][][] 
 []


Overfull \hbox (60.13062pt too wide) in paragraph at lines 713--714
[][][][][][] 
 []


Overfull \hbox (32.7817pt too wide) in paragraph at lines 718--718
[]\OT1/cmr/bx/n/14.4 Drop an uni-fi-ca-tion pro-to-col in a \OT1/cmr/bx/it/14.4
 BIANA Database 
 []


Overfull \hbox (6.50092pt too wide) in paragraph at lines 721--722
[]\OT1/cmr/bx/n/10.95 Function: \OT1/cmr/m/n/10.95 Drops an ex-ist-ing uni-fi-c
a-tion pro-to-col in a \OT1/cmr/m/it/10.95 BIANA Database\OT1/cmr/m/n/10.95 .
 []

[14]
Overfull \hbox (4.87982pt too wide) in paragraph at lines 724--725
[][][][][][] 
 []

[15]
Chapter 5.
[16

] [17] [18] [19]
Overfull \hbox (33.21991pt too wide) in paragraph at lines 858--859
[][][][][][] 
 []

[20] [21] [22] [23] [24] [25]
Overfull \hbox (81.38092pt too wide) in paragraph at lines 1006--1007
[][][][][][] 
 []

[26]
Overfull \hbox (638.13892pt too wide) in paragraph at lines 1020--1021
[][][][][][] 
 []


Overfull \hbox (34.63025pt too wide) in paragraph at lines 1029--1030
[][][][][][] 
 []

[27]
Overfull \hbox (140.88177pt too wide) in paragraph at lines 1030--1031
[][][][][][] 
 []

Missing character: There is no Ä in font cmr10!
Missing character: There is no ú in font cmr10!
Missing character: There is no Ä in font cmr10!
Missing character: There is no ù in font cmr10!

Overfull \hbox (30.38019pt too wide) in paragraph at lines 1039--1040
[][][][][][] 
 []

[28]
Overfull \hbox (64.38068pt too wide) in paragraph at lines 1040--1041
[][][][][][] 
 []

[29]
Chapter 6.
[30

]
Overfull \hbox (0.78658pt too wide) in paragraph at lines 1093--1099
[]\OT1/cmr/m/n/10.95 For DATABASEs pre-ceded with ftp: [][][][][][] 
 []


Overfull \hbox (13.85747pt too wide) in paragraph at lines 1099--1105
[]\OT1/cmr/m/n/10.95 For DATABASEs pre-ceded with wget: [][][][][][] 
 []

[31]
Underfull \hbox (badness 10000) in paragraph at lines 1125--1125
[]\OT1/cmr/m/n/10.95 Database Ref-er-
 []


Underfull \hbox (badness 10000) in paragraph at lines 1127--1127
[]\OT1/cmr/m/n/10.95 External En-tity
 []


Underfull \hbox (badness 10000) in paragraph at lines 1128--1128
[]\OT1/cmr/m/n/10.95 External En-tity
 []


Underfull \hbox (badness 10000) in paragraph at lines 1129--1129
[]\OT1/cmr/m/n/10.95 uniprot[]sprot.dat.gz (SWISS-PROT) and
 []


Underfull \hbox (badness 2181) in paragraph at lines 1133--1133
[]\OT1/cmr/m/n/10.95 Swiss-prot and TrembL must be in-serted as dis-tinct
 []


Underfull \hbox (badness 10000) in paragraph at lines 1134--1134
[]\OT1/cmr/m/n/10.95 Approximate
 []


Overfull \hbox (33.88582pt too wide) in paragraph at lines 1122--1138
[] 
 []

[32]
Underfull \hbox (badness 10000) in paragraph at lines 1169--1169
[]\OT1/cmr/m/n/10.95 Database Ref-er-
 []


Underfull \hbox (badness 10000) in paragraph at lines 1171--1171
[]\OT1/cmr/m/n/10.95 External En-tity
 []


Underfull \hbox (badness 10000) in paragraph at lines 1172--1172
[]\OT1/cmr/m/n/10.95 External En-tity
 []


Underfull \hbox (badness 1796) in paragraph at lines 1177--1177
[]\OT1/cmr/m/n/10.95 It is nec-es-sary to have pre-vi-ously in-serted tax-on-om
y
 []


Underfull \hbox (badness 10000) in paragraph at lines 1178--1178
[]\OT1/cmr/m/n/10.95 Approximate
 []


Overfull \hbox (33.88582pt too wide) in paragraph at lines 1166--1182
[] 
 []


Overfull \hbox (17.0pt too wide) in paragraph at lines 1162--1198
[]$[]$ 
 []

[33]
Underfull \hbox (badness 10000) in paragraph at lines 1206--1206
[]\OT1/cmr/m/n/10.95 Database Ref-er-
 []


Underfull \hbox (badness 10000) in paragraph at lines 1208--1208
[]\OT1/cmr/m/n/10.95 External En-tity
 []


Underfull \hbox (badness 10000) in paragraph at lines 1209--1209
[]\OT1/cmr/m/n/10.95 External En-tity
 []


Underfull \hbox (badness 10000) in paragraph at lines 1215--1215
[]\OT1/cmr/m/n/10.95 Approximate
 []


Overfull \hbox (33.88582pt too wide) in paragraph at lines 1203--1219
[] 
 []


Overfull \hbox (17.0pt too wide) in paragraph at lines 1199--1234
[]$[]$ 
 []

[34]
Underfull \hbox (badness 10000) in paragraph at lines 1243--1243
[]\OT1/cmr/m/n/10.95 Database Ref-er-
 []


Underfull \hbox (badness 10000) in paragraph at lines 1245--1245
[]\OT1/cmr/m/n/10.95 External En-tity
 []


Underfull \hbox (badness 10000) in paragraph at lines 1246--1246
[]\OT1/cmr/m/n/10.95 External En-tity
 []


Underfull \hbox (badness 10000) in paragraph at lines 1252--1252
[]\OT1/cmr/m/n/10.95 Approximate
 []


Overfull \hbox (33.88582pt too wide) in paragraph at lines 1240--1256
[] 
 []


Overfull \hbox (20.00537pt too wide) in paragraph at lines 1259--1270
[][][][][][] 
 []


Overfull \hbox (17.0pt too wide) in paragraph at lines 1236--1271
[]$[]$ 
 []

[35]
Underfull \hbox (badness 10000) in paragraph at lines 1279--1279
[]\OT1/cmr/m/n/10.95 Database Ref-er-
 []


Underfull \hbox (badness 10000) in paragraph at lines 1281--1281
[]\OT1/cmr/m/n/10.95 External En-tity
 []


Underfull \hbox (badness 10000) in paragraph at lines 1282--1282
[]\OT1/cmr/m/n/10.95 External En-tity
 []


Underfull \hbox (badness 1796) in paragraph at lines 1287--1287
[]\OT1/cmr/m/n/10.95 It is nec-es-sary to have pre-vi-ously in-serted tax-on-om
y
 []


Underfull \hbox (badness 10000) in paragraph at lines 1288--1288
[]\OT1/cmr/m/n/10.95 Approximate
 []


Overfull \hbox (33.88582pt too wide) in paragraph at lines 1276--1292
[] 
 []


Overfull \hbox (17.0pt too wide) in paragraph at lines 1272--1308
[]$[]$ 
 []

[36]
Underfull \hbox (badness 10000) in paragraph at lines 1317--1317
[]\OT1/cmr/m/n/10.95 Database Ref-er-
 []


Underfull \hbox (badness 10000) in paragraph at lines 1319--1319
[]\OT1/cmr/m/n/10.95 External En-tity
 []


Underfull \hbox (badness 10000) in paragraph at lines 1320--1320
[]\OT1/cmr/m/n/10.95 External En-tity
 []


Underfull \hbox (badness 10000) in paragraph at lines 1326--1326
[]\OT1/cmr/m/n/10.95 Approximate
 []


Overfull \hbox (33.88582pt too wide) in paragraph at lines 1314--1330
[] 
 []


Overfull \hbox (17.0pt too wide) in paragraph at lines 1310--1347
[]$[]$ 
 []

[37]
Underfull \hbox (badness 10000) in paragraph at lines 1356--1356
[]\OT1/cmr/m/n/10.95 Database Ref-er-
 []


Overfull \hbox (4.50981pt too wide) in paragraph at lines 1357--1357
[]\OT1/cmr/m/n/6 http://irefindex.org/download/irefindex/data/archive/release[]
14.0/psi[]mitab/MITAB2.6/| 
 []


Underfull \hbox (badness 10000) in paragraph at lines 1358--1358
[]\OT1/cmr/m/n/10.95 External En-tity
 []


Underfull \hbox (badness 10000) in paragraph at lines 1359--1359
[]\OT1/cmr/m/n/10.95 External En-tity
 []


Underfull \hbox (badness 10000) in paragraph at lines 1365--1365
[]\OT1/cmr/m/n/10.95 Approximate
 []


Overfull \hbox (33.88582pt too wide) in paragraph at lines 1353--1369
[] 
 []


Overfull \hbox (37.00562pt too wide) in paragraph at lines 1373--1385
[][][][][][] 
 []


Overfull \hbox (17.0pt too wide) in paragraph at lines 1349--1386
[]$[]$ 
 []

[38]
Underfull \hbox (badness 10000) in paragraph at lines 1396--1396
[]\OT1/cmr/m/n/10.95 Database Ref-er-
 []


Underfull \hbox (badness 10000) in paragraph at lines 1398--1398
[]\OT1/cmr/m/n/10.95 External En-tity
 []


Underfull \hbox (badness 10000) in paragraph at lines 1399--1399
[]\OT1/cmr/m/n/10.95 External En-tity
 []


Underfull \hbox (badness 10000) in paragraph at lines 1400--1400
[]\OT1/cmr/m/n/10.95 prot2003-2014.fa, prot2003-2014.tab, prot2003-
 []


Underfull \hbox (badness 10000) in paragraph at lines 1405--1405
[]\OT1/cmr/m/n/10.95 Approximate
 []


Overfull \hbox (33.88582pt too wide) in paragraph at lines 1393--1409
[] 
 []


Overfull \hbox (17.0pt too wide) in paragraph at lines 1389--1426
[]$[]$ 
 []

[39]
Underfull \hbox (badness 10000) in paragraph at lines 1435--1435
[]\OT1/cmr/m/n/10.95 Database Ref-er-
 []


Underfull \hbox (badness 10000) in paragraph at lines 1437--1437
[]\OT1/cmr/m/n/10.95 External En-tity
 []


Underfull \hbox (badness 10000) in paragraph at lines 1438--1438
[]\OT1/cmr/m/n/10.95 External En-tity
 []


Underfull \hbox (badness 10000) in paragraph at lines 1444--1444
[]\OT1/cmr/m/n/10.95 Approximate
 []


Overfull \hbox (33.88582pt too wide) in paragraph at lines 1432--1448
[] 
 []


Overfull \hbox (17.0pt too wide) in paragraph at lines 1428--1464
[]$[]$ 
 []

[40]
Underfull \hbox (badness 10000) in paragraph at lines 1472--1472
[]\OT1/cmr/m/n/10.95 Database Ref-er-
 []


Underfull \hbox (badness 10000) in paragraph at lines 1474--1474
[]\OT1/cmr/m/n/10.95 External En-tity
 []


Underfull \hbox (badness 10000) in paragraph at lines 1475--1475
[]\OT1/cmr/m/n/10.95 External En-tity
 []


Underfull \hbox (badness 10000) in paragraph at lines 1481--1481
[]\OT1/cmr/m/n/10.95 Approximate
 []


Overfull \hbox (33.88582pt too wide) in paragraph at lines 1469--1485
[] 
 []


Overfull \hbox (17.0pt too wide) in paragraph at lines 1465--1536
[]$[]$ 
 []

[41]
Overfull \vbox (24.3187pt too high) has occurred while \output is active []


[42]
Underfull \hbox (badness 10000) in paragraph at lines 1546--1546
[]\OT1/cmr/m/n/10.95 Database Ref-er-
 []


Underfull \hbox (badness 10000) in paragraph at lines 1548--1548
[]\OT1/cmr/m/n/10.95 External En-tity
 []


Underfull \hbox (badness 10000) in paragraph at lines 1549--1549
[]\OT1/cmr/m/n/10.95 External En-tity
 []


Underfull \hbox (badness 10000) in paragraph at lines 1555--1555
[]\OT1/cmr/m/n/10.95 Approximate
 []


Overfull \hbox (33.88582pt too wide) in paragraph at lines 1543--1559
[] 
 []


Overfull \hbox (7.25519pt too wide) in paragraph at lines 1562--1574
[][][][][][] 
 []


Overfull \hbox (17.0pt too wide) in paragraph at lines 1539--1575
[]$[]$ 
 []


Underfull \hbox (badness 10000) in paragraph at lines 1587--1587
[]\OT1/cmr/m/n/10.95 External En-tity
 []


Underfull \hbox (badness 10000) in paragraph at lines 1588--1588
[]\OT1/cmr/m/n/10.95 External En-tity
 []


Underfull \hbox (badness 10000) in paragraph at lines 1594--1594
[]\OT1/cmr/m/n/10.95 Approximate
 []


Overfull \hbox (33.88582pt too wide) in paragraph at lines 1582--1598
[] 
 []


Overfull \hbox (37.00562pt too wide) in paragraph at lines 1601--1612
[][][][][][] 
 []


Overfull \hbox (17.0pt too wide) in paragraph at lines 1578--1613
[]$[]$ 
 []

[43] [44]
Underfull \hbox (badness 10000) in paragraph at lines 1624--1624
[]\OT1/cmr/m/n/10.95 Database Ref-er-
 []


Underfull \hbox (badness 10000) in paragraph at lines 1626--1626
[]\OT1/cmr/m/n/10.95 External En-tity
 []


Underfull \hbox (badness 10000) in paragraph at lines 1627--1627
[]\OT1/cmr/m/n/10.95 External En-tity
 []


Underfull \hbox (badness 10000) in paragraph at lines 1633--1633
[]\OT1/cmr/m/n/10.95 Approximate
 []


Overfull \hbox (33.88582pt too wide) in paragraph at lines 1621--1637
[] 
 []


Overfull \hbox (15.81465pt too wide) in paragraph at lines 1659--1660
[]\OT1/cmr/m/n/10.95 The Bi-o-log-i-cal Gen-eral Repos-i-tory for In-ter-ac-tio
n Datasets
 []


Overfull \hbox (91.01624pt too wide) in paragraph at lines 1662--1663
\OT1/cmr/m/n/10.95 to un-com-press man-u-ally the zip file ([]\OT1/cmtt/m/n/10.
95 unzip BIOGRID-ORGANISM-x.x.xx.psi25.zip\OT1/cmr/m/n/10.95 ) 
 []


Overfull \hbox (13.97346pt too wide) in paragraph at lines 1665--1666
\OT1/cmr/m/n/10.95 com-presses it into a folder named ``BIOGRID-ORGANISM-x.x.xx
''). 
 []

[45]
Overfull \hbox (0.74684pt too wide) in paragraph at lines 1675--1676
[]\OT1/cmr/m/n/10.95 FULL file from down-loads, which is com-plete DIP dataset
 []

[46]
Overfull \hbox (35.51563pt too wide) in paragraph at lines 1700--1701
[]\OT1/cmr/m/n/10.95 file ftp://ftpmips.gsf.de/yeast/PPI/mpact-complete.psi25.x
ml.gz 
 []


Underfull \hbox (badness 10000) in paragraph at lines 1735--1735
[]\OT1/cmr/m/n/10.95 Database Ref-er-
 []


Underfull \hbox (badness 10000) in paragraph at lines 1737--1737
[]\OT1/cmr/m/n/10.95 External En-tity
 []


Underfull \hbox (badness 10000) in paragraph at lines 1738--1738
[]\OT1/cmr/m/n/10.95 External En-tity
 []


Underfull \hbox (badness 10000) in paragraph at lines 1744--1744
[]\OT1/cmr/m/n/10.95 Approximate
 []


Overfull \hbox (33.88582pt too wide) in paragraph at lines 1732--1748
[] 
 []

Missing character: There is no » in font cmtt8!

Overfull \hbox (15.75531pt too wide) in paragraph at lines 1750--1762
[][][][][][] 
 []


Overfull \hbox (17.0pt too wide) in paragraph at lines 1728--1781
[]$[]$ 
 []

[47]
Overfull \vbox (51.9465pt too high) has occurred while \output is active []


[48]
Underfull \hbox (badness 10000) in paragraph at lines 1789--1789
[]\OT1/cmr/m/n/10.95 Database Ref-er-
 []


Underfull \hbox (badness 1365) in paragraph at lines 1789--1789
\OT1/cmr/m/n/10.95 (1995). SCOP: a struc-tural clas-si-fi-ca-tion of pro-teins
 []


Underfull \hbox (badness 10000) in paragraph at lines 1791--1791
[]\OT1/cmr/m/n/10.95 External En-tity
 []


Underfull \hbox (badness 10000) in paragraph at lines 1792--1792
[]\OT1/cmr/m/n/10.95 External En-tity
 []


Underfull \hbox (badness 10000) in paragraph at lines 1798--1798
[]\OT1/cmr/m/n/10.95 Approximate
 []


Overfull \hbox (33.88582pt too wide) in paragraph at lines 1786--1802
[] 
 []


Overfull \hbox (17.0pt too wide) in paragraph at lines 1782--1818
[]$[]$ 
 []


Underfull \hbox (badness 10000) in paragraph at lines 1827--1827
[]\OT1/cmr/m/n/10.95 Database Ref-er-
 []


Underfull \hbox (badness 10000) in paragraph at lines 1829--1829
[]\OT1/cmr/m/n/10.95 External En-tity
 []


Underfull \hbox (badness 10000) in paragraph at lines 1830--1830
[]\OT1/cmr/m/n/10.95 External En-tity
 []


Underfull \hbox (badness 8056) in paragraph at lines 1831--1831
[]\OT1/cmr/m/n/10.95 pfamA-file-name=Pfam-A.full.gz pfamB-file-name=Pfam-
 []


Underfull \hbox (badness 10000) in paragraph at lines 1836--1836
[]\OT1/cmr/m/n/10.95 Approximate
 []


Overfull \hbox (33.88582pt too wide) in paragraph at lines 1824--1840
[] 
 []


Overfull \hbox (17.0pt too wide) in paragraph at lines 1820--1859
[]$[]$ 
 []

[49]
Underfull \hbox (badness 10000) in paragraph at lines 1868--1868
[]\OT1/cmr/m/n/10.95 Database Ref-er-
 []


Underfull \hbox (badness 10000) in paragraph at lines 1870--1870
[]\OT1/cmr/m/n/10.95 External En-tity
 []


Underfull \hbox (badness 10000) in paragraph at lines 1871--1871
[]\OT1/cmr/m/n/10.95 External En-tity
 []


Underfull \hbox (badness 10000) in paragraph at lines 1877--1877
[]\OT1/cmr/m/n/10.95 Approximate
 []


Overfull \hbox (33.88582pt too wide) in paragraph at lines 1865--1881
[] 
 []


Overfull \hbox (17.0pt too wide) in paragraph at lines 1861--1896
[]$[]$ 
 []

[50]
Underfull \hbox (badness 10000) in paragraph at lines 1905--1905
[]\OT1/cmr/m/n/10.95 Database Ref-er-
 []


Underfull \hbox (badness 10000) in paragraph at lines 1908--1908
[]\OT1/cmr/m/n/10.95 External En-tity
 []


Underfull \hbox (badness 10000) in paragraph at lines 1909--1909
[]\OT1/cmr/m/n/10.95 External En-tity
 []


Underfull \hbox (badness 6157) in paragraph at lines 1910--1910
[]\OT1/cmr/m/n/10.95 protein.aliases.v10.txt.gz, pro-tein.links.detailed.v10.tx
t.gz
 []


Underfull \hbox (badness 10000) in paragraph at lines 1915--1915
[]\OT1/cmr/m/n/10.95 Approximate
 []


Overfull \hbox (33.88582pt too wide) in paragraph at lines 1902--1919
[] 
 []


Overfull \hbox (7.25519pt too wide) in paragraph at lines 1922--1933
[][][][][][] 
 []


Overfull \hbox (17.0pt too wide) in paragraph at lines 1898--1934
[]$[]$ 
 []

[51]
Underfull \hbox (badness 10000) in paragraph at lines 1943--1943
[]\OT1/cmr/m/n/10.95 Database Ref-er-
 []


Underfull \hbox (badness 10000) in paragraph at lines 1945--1945
[]\OT1/cmr/m/n/10.95 External En-tity
 []


Underfull \hbox (badness 10000) in paragraph at lines 1946--1946
[]\OT1/cmr/m/n/10.95 External En-tity
 []


Underfull \hbox (badness 10000) in paragraph at lines 1952--1952
[]\OT1/cmr/m/n/10.95 Approximate
 []


Overfull \hbox (33.88582pt too wide) in paragraph at lines 1940--1956
[] 
 []


Overfull \hbox (17.0pt too wide) in paragraph at lines 1936--1971
[]$[]$ 
 []

[52]
Underfull \hbox (badness 10000) in paragraph at lines 1980--1980
[]\OT1/cmr/m/n/10.95 Database Ref-er-
 []


Underfull \hbox (badness 10000) in paragraph at lines 1982--1982
[]\OT1/cmr/m/n/10.95 External En-tity
 []


Underfull \hbox (badness 10000) in paragraph at lines 1983--1983
[]\OT1/cmr/m/n/10.95 External En-tity
 []


Underfull \hbox (badness 10000) in paragraph at lines 1989--1989
[]\OT1/cmr/m/n/10.95 Approximate
 []


Overfull \hbox (33.88582pt too wide) in paragraph at lines 1977--1993
[] 
 []


Overfull \hbox (17.0pt too wide) in paragraph at lines 1973--2008
[]$[]$ 
 []

[53]
Underfull \hbox (badness 10000) in paragraph at lines 2017--2017
[]\OT1/cmr/m/n/10.95 Database Ref-er-
 []


Underfull \hbox (badness 10000) in paragraph at lines 2019--2019
[]\OT1/cmr/m/n/10.95 External En-tity
 []


Underfull \hbox (badness 10000) in paragraph at lines 2020--2020
[]\OT1/cmr/m/n/10.95 External En-tity
 []


Underfull \hbox (badness 10000) in paragraph at lines 2026--2026
[]\OT1/cmr/m/n/10.95 Approximate
 []


Overfull \hbox (33.88582pt too wide) in paragraph at lines 2014--2030
[] 
 []


Overfull \hbox (11.50525pt too wide) in paragraph at lines 2033--2044
[][][][][][] 
 []


Overfull \hbox (17.0pt too wide) in paragraph at lines 2010--2048
[]$[]$ 
 []

[54]
Underfull \hbox (badness 10000) in paragraph at lines 2058--2058
[]\OT1/cmr/m/n/10.95 Database Ref-er-
 []


Underfull \hbox (badness 10000) in paragraph at lines 2060--2060
[]\OT1/cmr/m/n/10.95 External En-tity
 []


Underfull \hbox (badness 10000) in paragraph at lines 2061--2061
[]\OT1/cmr/m/n/10.95 External En-tity
 []


Underfull \hbox (badness 10000) in paragraph at lines 2067--2067
[]\OT1/cmr/m/n/10.95 Approximate
 []


Overfull \hbox (33.88582pt too wide) in paragraph at lines 2055--2071
[] 
 []


Overfull \hbox (7.25519pt too wide) in paragraph at lines 2074--2085
[][][][][][] 
 []


Overfull \hbox (17.0pt too wide) in paragraph at lines 2051--2086
[]$[]$ 
 []

[55]
Underfull \hbox (badness 10000) in paragraph at lines 2095--2095
[]\OT1/cmr/m/n/10.95 Database Ref-er-
 []


Underfull \hbox (badness 10000) in paragraph at lines 2097--2097
[]\OT1/cmr/m/n/10.95 External En-tity
 []


Underfull \hbox (badness 10000) in paragraph at lines 2098--2098
[]\OT1/cmr/m/n/10.95 External En-tity
 []


Underfull \hbox (badness 10000) in paragraph at lines 2104--2104
[]\OT1/cmr/m/n/10.95 Approximate
 []


Overfull \hbox (33.88582pt too wide) in paragraph at lines 2092--2108
[] 
 []


Overfull \hbox (28.5055pt too wide) in paragraph at lines 2111--2122
[][][][][][] 
 []


Overfull \hbox (17.0pt too wide) in paragraph at lines 2088--2123
[]$[]$ 
 []

[56]
Underfull \hbox (badness 2189) in paragraph at lines 2132--2132
[]\OT1/cmr/m/n/10.95 GPCR in-ter-ac-tome from the pub-li-ca-tion: Sys-tem-atic
 []


Underfull \hbox (badness 10000) in paragraph at lines 2133--2133
[]\OT1/cmr/m/n/10.95 Database Ref-er-
 []


Underfull \hbox (badness 10000) in paragraph at lines 2135--2135
[]\OT1/cmr/m/n/10.95 External En-tity
 []


Underfull \hbox (badness 10000) in paragraph at lines 2136--2136
[]\OT1/cmr/m/n/10.95 External En-tity
 []


Underfull \hbox (badness 10000) in paragraph at lines 2137--2137
[]\OT1/cmr/m/n/10.95 Download the file click-ing at Down-load re-sults:
 []


Underfull \hbox (badness 10000) in paragraph at lines 2142--2142
[]\OT1/cmr/m/n/10.95 Approximate
 []


Overfull \hbox (33.88582pt too wide) in paragraph at lines 2130--2146
[] 
 []


Overfull \hbox (24.25543pt too wide) in paragraph at lines 2149--2160
[][][][][][] 
 []


Overfull \hbox (17.0pt too wide) in paragraph at lines 2126--2161
[]$[]$ 
 []

[57]
Underfull \hbox (badness 10000) in paragraph at lines 2171--2171
[]\OT1/cmr/m/n/10.95 Database Ref-er-
 []


Underfull \hbox (badness 1708) in paragraph at lines 2171--2171
[]\OT1/cmr/m/n/10.95 The BRENDA Tis-sue On-tol-ogy (BTO): the first all-
 []


Underfull \hbox (badness 10000) in paragraph at lines 2173--2173
[]\OT1/cmr/m/n/10.95 External En-tity
 []


Underfull \hbox (badness 10000) in paragraph at lines 2174--2174
[]\OT1/cmr/m/n/10.95 External En-tity
 []


Underfull \hbox (badness 10000) in paragraph at lines 2180--2180
[]\OT1/cmr/m/n/10.95 Approximate
 []


Overfull \hbox (33.88582pt too wide) in paragraph at lines 2168--2184
[] 
 []


Overfull \hbox (41.25568pt too wide) in paragraph at lines 2187--2198
[][][][][][] 
 []


Overfull \hbox (17.0pt too wide) in paragraph at lines 2164--2199
[]$[]$ 
 []

[58]
Underfull \hbox (badness 10000) in paragraph at lines 2210--2210
[]\OT1/cmr/m/n/10.95 Database Ref-er-
 []


Underfull \hbox (badness 10000) in paragraph at lines 2212--2212
[]\OT1/cmr/m/n/10.95 External En-tity
 []


Underfull \hbox (badness 10000) in paragraph at lines 2213--2213
[]\OT1/cmr/m/n/10.95 External En-tity
 []


Underfull \hbox (badness 10000) in paragraph at lines 2219--2219
[]\OT1/cmr/m/n/10.95 Approximate
 []


Overfull \hbox (33.88582pt too wide) in paragraph at lines 2207--2223
[] 
 []


Overfull \hbox (17.0pt too wide) in paragraph at lines 2203--2238
[]$[]$ 
 []

[59]
Underfull \hbox (badness 3679) in paragraph at lines 2247--2247
[]\OT1/cmr/m/n/10.95 The "Hu-man Tis-sue Pro-teomes" chap-ters pro-vide a
 []


Underfull \hbox (badness 10000) in paragraph at lines 2248--2248
[]\OT1/cmr/m/n/10.95 Database Ref-er-
 []


Underfull \hbox (badness 10000) in paragraph at lines 2250--2250
[]\OT1/cmr/m/n/10.95 External En-tity
 []


Underfull \hbox (badness 10000) in paragraph at lines 2251--2251
[]\OT1/cmr/m/n/10.95 External En-tity
 []


Underfull \hbox (badness 10000) in paragraph at lines 2257--2257
[]\OT1/cmr/m/n/10.95 Approximate
 []


Overfull \hbox (33.88582pt too wide) in paragraph at lines 2245--2261
[] 
 []


Overfull \hbox (49.7558pt too wide) in paragraph at lines 2264--2275
[][][][][][] 
 []


Overfull \hbox (17.0pt too wide) in paragraph at lines 2241--2276
[]$[]$ 
 []

[60]
Underfull \hbox (badness 10000) in paragraph at lines 2286--2286
[]\OT1/cmr/m/n/10.95 Database Ref-er-
 []


Underfull \hbox (badness 10000) in paragraph at lines 2288--2288
[]\OT1/cmr/m/n/10.95 External En-tity
 []


Underfull \hbox (badness 10000) in paragraph at lines 2289--2289
[]\OT1/cmr/m/n/10.95 External En-tity
 []


Underfull \hbox (badness 10000) in paragraph at lines 2295--2295
[]\OT1/cmr/m/n/10.95 Approximate
 []


Overfull \hbox (33.88582pt too wide) in paragraph at lines 2283--2299
[] 
 []


Overfull \hbox (7.25519pt too wide) in paragraph at lines 2302--2313
[][][][][][] 
 []


Overfull \hbox (17.0pt too wide) in paragraph at lines 2279--2314
[]$[]$ 
 []

[61] [62]
Underfull \hbox (badness 10000) in paragraph at lines 2327--2327
[]\OT1/cmr/m/n/10.95 External En-tity
 []


Underfull \hbox (badness 10000) in paragraph at lines 2328--2328
[]\OT1/cmr/m/n/10.95 External En-tity
 []


Underfull \hbox (badness 10000) in paragraph at lines 2332--2332
[]\OT1/cmr/m/n/10.95 Approximate
 []


Overfull \hbox (50.88582pt too wide) in paragraph at lines 2324--2336
[][] 
 []

[63]
Overfull \hbox (13.6647pt too wide) in paragraph at lines 2380--2380
[]\OT1/cmtt/m/n/10.95 C1      compound        -       15422   Adenosine 5'-trip
hosphate[] 
 []


Overfull \hbox (7.91602pt too wide) in paragraph at lines 2381--2381
[]\OT1/cmtt/m/n/10.95 C2      compound        -       16761   Adenosine 5'-diph
osphate[] 
 []


Overfull \hbox (243.61221pt too wide) in paragraph at lines 2386--2386
[]\OT1/cmtt/m/n/10.95 id      interactor_id_list      type            name     
               method_ID       participants:role[] 
 []


Overfull \hbox (232.11484pt too wide) in paragraph at lines 2387--2387
[]\OT1/cmtt/m/n/10.95 R1      6|7                     interaction     -        
               18              6: bait| 7:prey[] 
 []


Overfull \hbox (151.63321pt too wide) in paragraph at lines 2388--2388
[]\OT1/cmtt/m/n/10.95 R2      2|3                     interaction     -        
               18              -[] 
 []


Overfull \hbox (151.63321pt too wide) in paragraph at lines 2389--2389
[]\OT1/cmtt/m/n/10.95 R3      3|4                     interaction     -        
               18              -[] 
 []


Overfull \hbox (151.63321pt too wide) in paragraph at lines 2390--2390
[]\OT1/cmtt/m/n/10.95 R4      100|101|102|103         complex         ABC compl
ex             109             -[] 
 []


Overfull \hbox (151.63321pt too wide) in paragraph at lines 2391--2391
[]\OT1/cmtt/m/n/10.95 R5      103|104                 interaction     -        
               109             -[] 
 []


Overfull \hbox (151.63321pt too wide) in paragraph at lines 2392--2392
[]\OT1/cmtt/m/n/10.95 R6      104|105                 interaction     -        
               109             -[] 
 []

[64]
Overfull \hbox (151.63321pt too wide) in paragraph at lines 2393--2393
[]\OT1/cmtt/m/n/10.95 R7      105|106                 interaction     -        
               109             -[] 
 []


Overfull \hbox (151.63321pt too wide) in paragraph at lines 2394--2394
[]\OT1/cmtt/m/n/10.95 R8      4|105                   interaction     -        
               18              -[] 
 []


Overfull \hbox (519.54922pt too wide) in paragraph at lines 2395--2395
[]\OT1/cmtt/m/n/10.95 R9      W|B12|C1|C2|C3          reaction        reaction_
sample         -               B12: substrate|C1: substrate|C2: substrate|C3: p
roduct|W: product[] 
 []


Overfull \hbox (151.63321pt too wide) in paragraph at lines 2396--2396
[]\OT1/cmtt/m/n/10.95 R10     R4|R5|R6|R7             pathway         first_pat
hway           -               -[] 
 []


Overfull \hbox (151.63321pt too wide) in paragraph at lines 2397--2397
[]\OT1/cmtt/m/n/10.95 R11     R2|R3|R8                pathway         pathway2 
               -               -[] 
 []


Overfull \hbox (151.63321pt too wide) in paragraph at lines 2398--2398
[]\OT1/cmtt/m/n/10.95 R12     R10|R11                 pathway         global pa
thway          -               -[] 
 []


Overfull \hbox (113.46489pt too wide) in paragraph at lines 2406--2408
\OT1/cmr/m/n/10.95 All parsers writ-ten in \OT1/cmr/m/it/10.95 BIANA \OT1/cmr/m
/n/10.95 in-her-its Biana-Parser class found in biana/BianaParser/bianaParser.p
y.
 []


Overfull \hbox (88.0061pt too wide) in paragraph at lines 2431--2432
[][][][][][][] 
 []

[65]
Overfull \hbox (96.50623pt too wide) in paragraph at lines 2473--2474
[][][][][][][] 
 []


Overfull \hbox (21.08665pt too wide) in paragraph at lines 2476--2477
[]\OT1/cmtt/m/n/10.95 add_valid_external_entity_relation_participant_attribute_
type \OT1/cmr/m/n/10.95 meth-
 []


Overfull \hbox (49.75555pt too wide) in paragraph at lines 2489--2490
[][][][][][][] 
 []

[66]
Overfull \hbox (122.00659pt too wide) in paragraph at lines 2521--2522
[][][][][][][] 
 []


Overfull \hbox (156.00708pt too wide) in paragraph at lines 2561--2562
[][][][][][][] 
 []

[67] [68]

Package Fancyhdr Warning: \headheight is too small (13.59999pt): 
 Make it at least 25.2842pt.
 We now make it that large for the rest of the document.
 This may cause the page layout to be inconsistent, however.

[69]
Overfull \vbox (601.4985pt too high) has occurred while \output is active []


[70] [71]
Overfull \hbox (40.87894pt too wide) in paragraph at lines 2765--2766
[]\OT1/cmr/m/n/10.95 add[]valid[]external[]entity[]relation[]type( new[]type
 []


Overfull \hbox (62.1595pt too wide) in paragraph at lines 2769--2770
[]\OT1/cmr/m/n/10.95 add[]valid[]external[]entity[]attribute[]type(
 []


Overfull \hbox (67.91588pt too wide) in paragraph at lines 2773--2774
[]\OT1/cmr/m/n/10.95 add[]valid[]external[]entity[]attribute[]type(
 []


Overfull \hbox (112.87895pt too wide) in paragraph at lines 2777--2778
[]\OT1/cmr/m/n/10.95 add[]valid[]external[]entity[]attribute[]type(
 []


Overfull \hbox (118.63533pt too wide) in paragraph at lines 2781--2782
[]\OT1/cmr/m/n/10.95 add[]valid[]external[]entity[]attribute[]type(
 []


Overfull \hbox (220.22554pt too wide) in paragraph at lines 2785--2786
[]\OT1/cmr/m/n/10.95 add[]valid[]external[]entity[]relation[]participant[]attri
bute[]type(
 []


Underfull \hbox (badness 10000) in paragraph at lines 2795--2796
[]\OT1/cmr/bx/n/10.95 Attributes
 []


Underfull \hbox (badness 10000) in paragraph at lines 2798--2799
[]\OT1/cmr/m/n/10.95 ProteinSequence
 []


Overfull \hbox (4.9978pt too wide) in paragraph at lines 2794--2805
[][] 
 []

[72] [73]
Chapter 7.

Overfull \hbox (307.83282pt too wide) in paragraph at lines 2824--2830
[]\OT1/cmr/m/n/10.95 The com-mand nec-es-sary to get the dump file and com-pres
s it is: [][][][][][] 
 []


Overfull \hbox (55.9765pt too wide) in paragraph at lines 2835--2841
[]\OT1/cmr/m/n/10.95 1) Cre-ate a new mysql database: [][][][][][] 
 []


Overfull \hbox (127.95651pt too wide) in paragraph at lines 2842--2848
[]\OT1/cmr/m/n/10.95 2) In-sert the data into the database: [][][][][][] 
 []

[74

] [75]
Chapter 8.

Overfull \hbox (20.83806pt too wide) in paragraph at lines 2860--2861
[]\OT1/cmr/m/n/10.95 A repos-i-tory of \OT1/cmr/m/it/10.95 BIANA \OT1/cmr/m/n/1
0.95 con-tain-ing set of ex-ter-nal databases
 []


Overfull \hbox (0.16423pt too wide) in paragraph at lines 2860--2861
\OT1/cmr/m/n/10.95 and uni-fied en-tries com-piled from all avail-able ex-ter-n
al databases based
 []

[76

] [77]
Chapter 9.
[78

]
Overfull \hbox (8.07745pt too wide) in paragraph at lines 2913--2914
[]\OT1/cmr/m/n/10.95 If you are MySQL server in your lo-cal host try us-ing ``1
27.0.0.1''
 []


Overfull \hbox (13.49736pt too wide) in paragraph at lines 2928--2935
[]\OT1/cmr/m/n/10.95 Make sure you copied your new parser into \OT1/cmr/m/it/10
.95 BIANA []\OT1/cmr/m/n/10.95 Installation[]
 []

[79] [80] [81] (./biana_reference_manual_v1.4.aux)

LaTeX Warning: Label(s) may have changed. Rerun to get cross-references right.

 ) 
Here is how much of TeX's memory you used:
 2207 strings out of 495063
 32570 string characters out of 3182201
 106766 words of memory out of 3000000
 5370 multiletter control sequences out of 15000+200000
 12141 words of font info for 42 fonts, out of 3000000 for 9000
 14 hyphenation exceptions out of 8191
 38i,12n,43p,1585b,447s stack positions out of 5000i,500n,10000p,200000b,50000s
</usr/share/texlive/texmf-dist/fonts/type1/public/amsfonts/cm/cmbx10.pfb></us
r/share/texlive/texmf-dist/fonts/type1/public/amsfonts/cm/cmbx12.pfb></usr/shar
e/texlive/texmf-dist/fonts/type1/public/amsfonts/cm/cmbxti10.pfb></usr/share/te
xlive/texmf-dist/fonts/type1/public/amsfonts/cm/cmr10.pfb></usr/share/texlive/t
exmf-dist/fonts/type1/public/amsfonts/cm/cmr12.pfb></usr/share/texlive/texmf-di
st/fonts/type1/public/amsfonts/cm/cmr17.pfb></usr/share/texlive/texmf-dist/font
s/type1/public/amsfonts/cm/cmr6.pfb></usr/share/texlive/texmf-dist/fonts/type1/
public/amsfonts/cm/cmsy10.pfb></usr/share/texlive/texmf-dist/fonts/type1/public
/amsfonts/cm/cmti10.pfb></usr/share/texlive/texmf-dist/fonts/type1/public/amsfo
nts/cm/cmtt10.pfb></usr/share/texlive/texmf-dist/fonts/type1/public/amsfonts/cm
/cmtt8.pfb>
Output written on biana_reference_manual_v1.4.pdf (82 pages, 551658 bytes).
PDF statistics:
 321 PDF objects out of 1000 (max. 8388607)
 217 compressed objects within 3 object streams
 0 named destinations out of 1000 (max. 500000)
 16 words of extra memory for PDF output out of 10000 (max. 10000000)

